<?xml version="1.0" encoding="UTF-8"?>
<testng-results skipped="0" failed="0" ignored="0" total="1" passed="1">
  <reporter-output>
  </reporter-output>
  <suite name="Default suite" duration-ms="3312" started-at="2022-08-04T14:01:30 EDT" finished-at="2022-08-04T14:01:33 EDT">
    <groups>
    </groups>
    <test name="Default test" duration-ms="3312" started-at="2022-08-04T14:01:30 EDT" finished-at="2022-08-04T14:01:33 EDT">
      <class name="goRestApi.TC001_GetCommands">
        <test-method status="PASS" signature="setup()[pri:0, instance:goRestApi.TC001_GetCommands@afc191]" name="setup" is-config="true" duration-ms="552" started-at="2022-08-04T14:01:30 EDT" finished-at="2022-08-04T14:01:31 EDT">
          <reporter-output>
          </reporter-output>
        </test-method> <!-- setup -->
        <test-method status="PASS" signature="getCustomerDetails()[pri:0, instance:goRestApi.TC001_GetCommands@afc191]" name="getCustomerDetails" duration-ms="2703" started-at="2022-08-04T14:01:31 EDT" finished-at="2022-08-04T14:01:33 EDT">
          <reporter-output>
          </reporter-output>
        </test-method> <!-- getCustomerDetails -->
      </class> <!-- goRestApi.TC001_GetCommands -->
    </test> <!-- Default test -->
  </suite> <!-- Default suite -->
</testng-results>
